app/build/outputs/logs/manifest-merger-debug-report.txt
-- Merging decision tree log ---
manifest
ADDED from src\main\AndroidManifest.xml:2:1-220:12
	package
		ADDED from src\main\AndroidManifest.xml:3:5-43
		INJECTED from src\main\AndroidManifest.xml
		INJECTED from src\main\AndroidManifest.xml
	android:versionName
		INJECTED from src\main\AndroidManifest.xml
		INJECTED from src\main\AndroidManifest.xml
	xmlns:android
		ADDED from src\main\AndroidManifest.xml:2:11-69
	android:versionCode
		INJECTED from src\main\AndroidManifest.xml
		INJECTED from src\main\AndroidManifest.xml
uses-permission#android.permission.INTERNET
ADDED from src\main\AndroidManifest.xml:5:5-67
	android:name
		ADDED from src\main\AndroidManifest.xml:5:22-64
uses-permission#android.permission.ACCESS_NETWORK_STATE
ADDED from src\main\AndroidManifest.xml:6:5-79
	android:name
		ADDED from src\main\AndroidManifest.xml:6:22-76
uses-permission#android.permission.ACCESS_WIFI_STATE
ADDED from src\main\AndroidManifest.xml:7:5-76
	android:name
		ADDED from src\main\AndroidManifest.xml:7:22-73
uses-permission#android.permission.READ_PHONE_STATE
ADDED from src\main\AndroidManifest.xml:8:5-75
	android:name
		ADDED from src\main\AndroidManifest.xml:8:22-72
uses-permission#android.permission.CALL_PHONE
ADDED from src\main\AndroidManifest.xml:9:5-69
	android:name
		ADDED from src\main\AndroidManifest.xml:9:22-66
uses-permission#android.permission.WRITE_EXTERNAL_STORAGE
ADDED from src\main\AndroidManifest.xml:10:5-81
	android:name
		ADDED from src\main\AndroidManifest.xml:10:22-78
uses-permission#android.permission.WRITE_SETTINGS
ADDED from src\main\AndroidManifest.xml:11:5-73
	android:name
		ADDED from src\main\AndroidManifest.xml:11:22-70
uses-permission#android.permission.READ_LOGS
ADDED from src\main\AndroidManifest.xml:12:5-68
	android:name
		ADDED from src\main\AndroidManifest.xml:12:22-65
uses-permission#android.permission.RECORD_AUDIO
ADDED from src\main\AndroidManifest.xml:13:5-71
	android:name
		ADDED from src\main\AndroidManifest.xml:13:22-68
uses-permission#android.permission.CAMERA
ADDED from src\main\AndroidManifest.xml:14:5-65
	android:name
		ADDED from src\main\AndroidManifest.xml:14:22-62
uses-feature#android.hardware.camera
ADDED from src\main\AndroidManifest.xml:16:5-60
	android:name
		ADDED from src\main\AndroidManifest.xml:16:19-57
uses-feature#android.hardware.camera.autofocus
ADDED from src\main\AndroidManifest.xml:17:5-70
	android:name
		ADDED from src\main\AndroidManifest.xml:17:19-67
uses-permission#android.permission.ACCESS_COARSE_LOCATION
ADDED from src\main\AndroidManifest.xml:19:5-81
	android:name
		ADDED from src\main\AndroidManifest.xml:19:22-78
uses-permission#android.permission.ACCESS_FINE_LOCATION
ADDED from src\main\AndroidManifest.xml:20:5-79
	android:name
		ADDED from src\main\AndroidManifest.xml:20:22-76
uses-permission#android.permission.CHANGE_NETWORK_STATE
ADDED from src\main\AndroidManifest.xml:22:5-79
	android:name
		ADDED from src\main\AndroidManifest.xml:22:22-76
uses-permission#android.permission.GET_TASKS
ADDED from src\main\AndroidManifest.xml:23:5-68
	android:name
		ADDED from src\main\AndroidManifest.xml:23:22-65
uses-permission#android.permission.MODIFY_AUDIO_SETTINGS
ADDED from src\main\AndroidManifest.xml:24:5-80
	android:name
		ADDED from src\main\AndroidManifest.xml:24:22-77
uses-permission#android.permission.RECEIVE_BOOT_COMPLETED
ADDED from src\main\AndroidManifest.xml:25:5-81
	android:name
		ADDED from src\main\AndroidManifest.xml:25:22-78
uses-permission#android.permission.VIBRATE
ADDED from src\main\AndroidManifest.xml:26:5-66
	android:name
		ADDED from src\main\AndroidManifest.xml:26:22-63
uses-permission#android.permission.WAKE_LOCK
ADDED from src\main\AndroidManifest.xml:27:5-68
	android:name
		ADDED from src\main\AndroidManifest.xml:27:22-65
uses-permission#android.permission.SYSTEM_ALERT_WINDOW
ADDED from src\main\AndroidManifest.xml:28:5-78
	android:name
		ADDED from src\main\AndroidManifest.xml:28:22-75
uses-permission#android.permission.SET_DEBUG_APP
ADDED from src\main\AndroidManifest.xml:29:5-72
	android:name
		ADDED from src\main\AndroidManifest.xml:29:22-69
uses-permission#android.permission.GET_ACCOUNTS
ADDED from src\main\AndroidManifest.xml:30:5-71
	android:name
		ADDED from src\main\AndroidManifest.xml:30:22-68
uses-permission#android.permission.USE_CREDENTIALS
ADDED from src\main\AndroidManifest.xml:31:5-74
	android:name
		ADDED from src\main\AndroidManifest.xml:31:22-71
uses-permission#android.permission.MANAGE_ACCOUNTS
ADDED from src\main\AndroidManifest.xml:32:5-74
	android:name
		ADDED from src\main\AndroidManifest.xml:32:22-71
application
ADDED from src\main\AndroidManifest.xml:34:5-218:19
MERGED from [com.android.support:design:23.2.1] AndroidManifest.xml:22:5-20
MERGED from [com.android.support:support-v4:23.2.1] AndroidManifest.xml:22:5-20
MERGED from [com.android.support:appcompat-v7:23.2.1] AndroidManifest.xml:25:5-20
MERGED from [com.android.support:animated-vector-drawable:23.2.1] AndroidManifest.xml:7:5-20
MERGED from [com.android.support:support-vector-drawable:23.2.1] AndroidManifest.xml:7:5-20
MERGED from [:volley-1.0.0:] AndroidManifest.xml:9:5-20
	android:label
		ADDED from src\main\AndroidManifest.xml:38:9-41
	android:allowBackup
		ADDED from src\main\AndroidManifest.xml:36:9-35
	android:icon
		ADDED from src\main\AndroidManifest.xml:37:9-43
	android:theme
		ADDED from src\main\AndroidManifest.xml:39:9-40
	android:name
		ADDED from src\main\AndroidManifest.xml:35:9-38
activity#com.tencent.qcloud.xiaozhibo.ui.TCSplashActivity
ADDED from src\main\AndroidManifest.xml:41:9-51:20
	android:screenOrientation
		ADDED from src\main\AndroidManifest.xml:43:13-49
	android:launchMode
		ADDED from src\main\AndroidManifest.xml:45:13-43
	android:theme
		ADDED from src\main\AndroidManifest.xml:44:13-47
	android:name
		ADDED from src\main\AndroidManifest.xml:42:13-48
intent-filter#android.intent.action.MAIN+android.intent.category.LAUNCHER
ADDED from src\main\AndroidManifest.xml:46:13-50:29
action#android.intent.action.MAIN
ADDED from src\main\AndroidManifest.xml:47:17-69
	android:name
		ADDED from src\main\AndroidManifest.xml:47:25-66
category#android.intent.category.LAUNCHER
ADDED from src\main\AndroidManifest.xml:49:17-77
	android:name
		ADDED from src\main\AndroidManifest.xml:49:27-74
service#com.tencent.qalsdk.service.QalService
ADDED from src\main\AndroidManifest.xml:54:9-57:45
	android:process
		ADDED from src\main\AndroidManifest.xml:57:13-42
	android:exported
		ADDED from src\main\AndroidManifest.xml:56:13-37
	android:name
		ADDED from src\main\AndroidManifest.xml:55:13-65
service#com.tencent.qalsdk.service.QalAssistService
ADDED from src\main\AndroidManifest.xml:59:9-62:45
	android:process
		ADDED from src\main\AndroidManifest.xml:62:13-42
	android:exported
		ADDED from src\main\AndroidManifest.xml:61:13-37
	android:name
		ADDED from src\main\AndroidManifest.xml:60:13-71
receiver#com.tencent.qalsdk.QALBroadcastReceiver
ADDED from src\main\AndroidManifest.xml:64:9-70:20
	android:exported
		ADDED from src\main\AndroidManifest.xml:66:13-37
	android:name
		ADDED from src\main\AndroidManifest.xml:65:13-67
intent-filter#com.tencent.qalsdk.broadcast.qal
ADDED from src\main\AndroidManifest.xml:67:13-69:29
action#com.tencent.qalsdk.broadcast.qal
ADDED from src\main\AndroidManifest.xml:68:17-75
	android:name
		ADDED from src\main\AndroidManifest.xml:68:25-72
receiver#com.tencent.qalsdk.core.NetConnInfoCenter
ADDED from src\main\AndroidManifest.xml:72:9-87:20
	android:process
		ADDED from src\main\AndroidManifest.xml:74:13-42
	android:name
		ADDED from src\main\AndroidManifest.xml:73:13-69
intent-filter#android.intent.action.BOOT_COMPLETED
ADDED from src\main\AndroidManifest.xml:75:13-77:29
action#android.intent.action.BOOT_COMPLETED
ADDED from src\main\AndroidManifest.xml:76:17-79
	android:name
		ADDED from src\main\AndroidManifest.xml:76:25-76
intent-filter#android.net.conn.CONNECTIVITY_CHANGE
ADDED from src\main\AndroidManifest.xml:78:13-80:29
action#android.net.conn.CONNECTIVITY_CHANGE
ADDED from src\main\AndroidManifest.xml:79:17-79
	android:name
		ADDED from src\main\AndroidManifest.xml:79:25-76
intent-filter#android.intent.action.TIME_SET
ADDED from src\main\AndroidManifest.xml:81:13-83:29
action#android.intent.action.TIME_SET
ADDED from src\main\AndroidManifest.xml:82:17-73
	android:name
		ADDED from src\main\AndroidManifest.xml:82:25-70
intent-filter#android.intent.action.TIMEZONE_CHANGED
ADDED from src\main\AndroidManifest.xml:84:13-86:29
action#android.intent.action.TIMEZONE_CHANGED
ADDED from src\main\AndroidManifest.xml:85:17-81
	android:name
		ADDED from src\main\AndroidManifest.xml:85:25-78
activity#com.tencent.qcloud.xiaozhibo.ui.TCLoginActivity
ADDED from src\main\AndroidManifest.xml:89:9-92:49
	android:screenOrientation
		ADDED from src\main\AndroidManifest.xml:91:13-49
	android:theme
		ADDED from src\main\AndroidManifest.xml:92:13-46
	android:name
		ADDED from src\main\AndroidManifest.xml:90:13-47
activity#com.tencent.qcloud.xiaozhibo.ui.TCRegisterActivity
ADDED from src\main\AndroidManifest.xml:93:9-96:52
	android:screenOrientation
		ADDED from src\main\AndroidManifest.xml:95:13-49
	android:theme
		ADDED from src\main\AndroidManifest.xml:96:13-49
	android:name
		ADDED from src\main\AndroidManifest.xml:94:13-50
activity#com.tencent.qcloud.xiaozhibo.ui.TCMainActivity
ADDED from src\main\AndroidManifest.xml:97:9-100:45
	android:screenOrientation
		ADDED from src\main\AndroidManifest.xml:99:13-49
	android:launchMode
		ADDED from src\main\AndroidManifest.xml:100:13-43
	android:name
		ADDED from src\main\AndroidManifest.xml:98:13-46
activity#com.tencent.qcloud.xiaozhibo.ui.TCPublishSettingActivity
ADDED from src\main\AndroidManifest.xml:101:9-103:52
	android:screenOrientation
		ADDED from src\main\AndroidManifest.xml:103:13-49
	android:name
		ADDED from src\main\AndroidManifest.xml:102:13-56
activity#com.tencent.qcloud.xiaozhibo.ui.TCLivePlayerActivity
ADDED from src\main\AndroidManifest.xml:104:9-108:59
	android:screenOrientation
		ADDED from src\main\AndroidManifest.xml:106:13-49
	android:windowSoftInputMode
		ADDED from src\main\AndroidManifest.xml:108:13-56
	android:theme
		ADDED from src\main\AndroidManifest.xml:107:13-47
	android:name
		ADDED from src\main\AndroidManifest.xml:105:13-52
activity#com.tencent.qcloud.xiaozhibo.ui.TCLivePublisherActivity
ADDED from src\main\AndroidManifest.xml:109:9-112:59
	android:screenOrientation
		ADDED from src\main\AndroidManifest.xml:111:13-49
	android:windowSoftInputMode
		ADDED from src\main\AndroidManifest.xml:112:13-56
	android:name
		ADDED from src\main\AndroidManifest.xml:110:13-55
activity#com.tencent.qcloud.xiaozhibo.ui.TCLinkMicLivePlayActivity
ADDED from src\main\AndroidManifest.xml:113:9-117:59
	android:screenOrientation
		ADDED from src\main\AndroidManifest.xml:115:13-49
	android:windowSoftInputMode
		ADDED from src\main\AndroidManifest.xml:117:13-56
	android:theme
		ADDED from src\main\AndroidManifest.xml:116:13-47
	android:name
		ADDED from src\main\AndroidManifest.xml:114:13-57
activity#com.tencent.qcloud.xiaozhibo.ui.TCLinkMicLivePushActivity
ADDED from src\main\AndroidManifest.xml:118:9-121:59
	android:screenOrientation
		ADDED from src\main\AndroidManifest.xml:120:13-49
	android:windowSoftInputMode
		ADDED from src\main\AndroidManifest.xml:121:13-56
	android:name
		ADDED from src\main\AndroidManifest.xml:119:13-57
activity#com.tencent.qcloud.xiaozhibo.ui.TCEditUseInfoActivity
ADDED from src\main\AndroidManifest.xml:122:9-124:52
	android:screenOrientation
		ADDED from src\main\AndroidManifest.xml:124:13-49
	android:name
		ADDED from src\main\AndroidManifest.xml:123:13-53
activity#com.tencent.qcloud.xiaozhibo.ui.TCTextEditActivity
ADDED from src\main\AndroidManifest.xml:125:9-127:52
	android:screenOrientation
		ADDED from src\main\AndroidManifest.xml:127:13-49
	android:name
		ADDED from src\main\AndroidManifest.xml:126:13-50
activity#com.tencent.qcloud.xiaozhibo.ui.TCScreenRecordActivity
ADDED from src\main\AndroidManifest.xml:128:9-137:20
	android:screenOrientation
		ADDED from src\main\AndroidManifest.xml:131:13-49
	android:launchMode
		ADDED from src\main\AndroidManifest.xml:133:13-44
	android:windowSoftInputMode
		ADDED from src\main\AndroidManifest.xml:132:13-56
	android:configChanges
		ADDED from src\main\AndroidManifest.xml:130:13-74
	android:theme
		ADDED from src\main\AndroidManifest.xml:129:13-55
	android:name
		ADDED from src\main\AndroidManifest.xml:128:19-60
intent-filter#android.intent.category.DEFAULT
ADDED from src\main\AndroidManifest.xml:134:13-136:29
category#android.intent.category.DEFAULT
ADDED from src\main\AndroidManifest.xml:135:17-76
	android:name
		ADDED from src\main\AndroidManifest.xml:135:27-73
activity#com.tencent.rtmp.video.TXScreenCapture$TXScreenCaptureAssistantActivity
ADDED from src\main\AndroidManifest.xml:139:9-157
	android:theme
		ADDED from src\main\AndroidManifest.xml:139:106-154
	android:name
		ADDED from src\main\AndroidManifest.xml:139:19-105
activity#com.tencent.qcloud.xiaozhibo.WBShareActivity
ADDED from src\main\AndroidManifest.xml:143:9-151:20
	android:screenOrientation
		ADDED from src\main\AndroidManifest.xml:146:13-49
	android:configChanges
		ADDED from src\main\AndroidManifest.xml:145:13-63
	android:name
		ADDED from src\main\AndroidManifest.xml:144:13-44
intent-filter#android.intent.category.DEFAULT+com.sina.weibo.sdk.action.ACTION_SDK_REQ_ACTIVITY
ADDED from src\main\AndroidManifest.xml:147:13-150:29
action#com.sina.weibo.sdk.action.ACTION_SDK_REQ_ACTIVITY
ADDED from src\main\AndroidManifest.xml:148:17-92
	android:name
		ADDED from src\main\AndroidManifest.xml:148:25-89
activity#com.sina.weibo.sdk.component.WeiboSdkBrowser
ADDED from src\main\AndroidManifest.xml:152:9-157:20
	android:exported
		ADDED from src\main\AndroidManifest.xml:156:13-37
	android:windowSoftInputMode
		ADDED from src\main\AndroidManifest.xml:155:13-55
	android:configChanges
		ADDED from src\main\AndroidManifest.xml:154:13-63
	android:name
		ADDED from src\main\AndroidManifest.xml:153:13-72
activity#com.tencent.qcloud.xiaozhibo.wxapi.WXEntryActivity
ADDED from src\main\AndroidManifest.xml:160:9-165:75
	android:screenOrientation
		ADDED from src\main\AndroidManifest.xml:164:13-49
	android:exported
		ADDED from src\main\AndroidManifest.xml:163:13-36
	android:configChanges
		ADDED from src\main\AndroidManifest.xml:162:13-74
	android:theme
		ADDED from src\main\AndroidManifest.xml:165:13-72
	android:name
		ADDED from src\main\AndroidManifest.xml:161:13-50
activity#com.tencent.tauth.AuthActivity
ADDED from src\main\AndroidManifest.xml:168:9-180:20
	android:launchMode
		ADDED from src\main\AndroidManifest.xml:170:13-44
	android:noHistory
		ADDED from src\main\AndroidManifest.xml:171:13-37
	android:name
		ADDED from src\main\AndroidManifest.xml:169:13-58
intent-filter#android.intent.action.VIEW+android.intent.category.BROWSABLE+android.intent.category.DEFAULT
ADDED from src\main\AndroidManifest.xml:172:13-179:29
action#android.intent.action.VIEW
ADDED from src\main\AndroidManifest.xml:173:17-69
	android:name
		ADDED from src\main\AndroidManifest.xml:173:25-66
category#android.intent.category.BROWSABLE
ADDED from src\main\AndroidManifest.xml:176:17-78
	android:name
		ADDED from src\main\AndroidManifest.xml:176:27-75
data
ADDED from src\main\AndroidManifest.xml:178:17-59
	android:scheme
		ADDED from src\main\AndroidManifest.xml:178:23-56
activity#com.tencent.connect.common.AssistActivity
ADDED from src\main\AndroidManifest.xml:181:9-185:76
	android:screenOrientation
		ADDED from src\main\AndroidManifest.xml:183:13-49
	android:configChanges
		ADDED from src\main\AndroidManifest.xml:185:13-74
	android:theme
		ADDED from src\main\AndroidManifest.xml:184:13-72
	android:name
		ADDED from src\main\AndroidManifest.xml:182:13-69
uses-library#com.google.android.maps
ADDED from src\main\AndroidManifest.xml:186:9-188:40
	android:required
		ADDED from src\main\AndroidManifest.xml:188:13-37
	android:name
		ADDED from src\main\AndroidManifest.xml:187:13-51
uses-library#android.test.runner
ADDED from src\main\AndroidManifest.xml:189:9-60
	android:name
		ADDED from src\main\AndroidManifest.xml:189:23-57
meta-data#UMENG_APPKEY
ADDED from src\main\AndroidManifest.xml:194:9-197:21
	android:value
		ADDED from src\main\AndroidManifest.xml:196:13-53
	android:name
		ADDED from src\main\AndroidManifest.xml:195:13-40
meta-data#UMENG_CHANNEL
ADDED from src\main\AndroidManifest.xml:198:9-201:21
	android:value
		ADDED from src\main\AndroidManifest.xml:200:13-34
	android:name
		ADDED from src\main\AndroidManifest.xml:199:13-41
service#com.sina.weibo.sdk.net.DownloadService
ADDED from src\main\AndroidManifest.xml:203:9-204:48
	android:exported
		ADDED from src\main\AndroidManifest.xml:204:13-37
	android:name
		ADDED from src\main\AndroidManifest.xml:203:18-71
activity#com.umeng.socialize.editorpage.ShareActivity
ADDED from src\main\AndroidManifest.xml:206:9-210:15
	android:excludeFromRecents
		ADDED from src\main\AndroidManifest.xml:209:13-46
	android:theme
		ADDED from src\main\AndroidManifest.xml:208:13-51
	android:name
		ADDED from src\main\AndroidManifest.xml:207:13-72
service#com.tencent.qcloud.xiaozhibo.logic.TCScreenRecordService
ADDED from src\main\AndroidManifest.xml:212:9-217:19
	android:enabled
		ADDED from src\main\AndroidManifest.xml:214:13-35
	android:exported
		ADDED from src\main\AndroidManifest.xml:215:13-37
	android:name
		ADDED from src\main\AndroidManifest.xml:213:13-56
uses-sdk
INJECTED from src\main\AndroidManifest.xml reason: use-sdk injection requested
MERGED from [com.android.support:design:23.2.1] AndroidManifest.xml:20:5-43
MERGED from [com.android.support:support-v4:23.2.1] AndroidManifest.xml:20:5-43
MERGED from [com.android.support:appcompat-v7:23.2.1] AndroidManifest.xml:21:5-23:78
MERGED from [com.android.support:animated-vector-drawable:23.2.1] AndroidManifest.xml:5:5-44
MERGED from [com.android.support:support-vector-drawable:23.2.1] AndroidManifest.xml:5:5-43
MERGED from [com.android.support:recyclerview-v7:23.2.1] AndroidManifest.xml:20:5-43
MERGED from [com.github.ctiao:dfm:0.4.4] AndroidManifest.xml:22:5-24:41
MERGED from [:volley-1.0.0:] AndroidManifest.xml:7:5-43
	tools:overrideLibrary
		ADDED from [com.android.support:appcompat-v7:23.2.1] AndroidManifest.xml:23:9-75
	android:targetSdkVersion
		INJECTED from src\main\AndroidManifest.xml
		INJECTED from src\main\AndroidManifest.xml
	android:minSdkVersion
		INJECTED from src\main\AndroidManifest.xml
		INJECTED from src\main\AndroidManifest.xml